C:\Program Files\Microsoft Visual Studio\2022\Community\MSBuild\Microsoft\VC\v170\Microsoft.CppBuild.targets(514,5): warning MSB8028: The intermediate directory (x64\Debug\) contains files shared from another project (dat.vcxproj).  This can lead to incorrect clean and rebuild behavior.
  main.cpp
C:\Users\Le Minh Hung\Desktop\ThirdYear\DHMT\Nhom6\dat\include\Vector_Matrix.h(1,10): warning C4067: unexpected tokens following preprocessor directive - expected a newline
C:\Users\Le Minh Hung\Desktop\ThirdYear\DHMT\Nhom6\dat\main.cpp(187,24): warning C4305: 'argument': truncation from 'double' to 'float'
C:\Users\Le Minh Hung\Desktop\ThirdYear\DHMT\Nhom6\dat\main.cpp(207,24): warning C4305: 'argument': truncation from 'double' to 'float'
C:\Users\Le Minh Hung\Desktop\ThirdYear\DHMT\Nhom6\dat\main.cpp(227,24): warning C4305: 'argument': truncation from 'double' to 'float'
C:\Users\Le Minh Hung\Desktop\ThirdYear\DHMT\Nhom6\dat\main.cpp(329,102): warning C4305: 'argument': truncation from 'double' to 'float'
C:\Users\Le Minh Hung\Desktop\ThirdYear\DHMT\Nhom6\dat\main.cpp(331,84): warning C4305: 'argument': truncation from 'double' to 'float'
C:\Users\Le Minh Hung\Desktop\ThirdYear\DHMT\Nhom6\dat\main.cpp(335,42): warning C4305: 'argument': truncation from 'double' to 'float'
C:\Users\Le Minh Hung\Desktop\ThirdYear\DHMT\Nhom6\dat\main.cpp(335,88): warning C4305: 'argument': truncation from 'double' to 'float'
C:\Users\Le Minh Hung\Desktop\ThirdYear\DHMT\Nhom6\dat\main.cpp(351,40): warning C4305: 'argument': truncation from 'double' to 'float'
C:\Users\Le Minh Hung\Desktop\ThirdYear\DHMT\Nhom6\dat\main.cpp(352,54): warning C4305: 'argument': truncation from 'double' to 'float'
C:\Users\Le Minh Hung\Desktop\ThirdYear\DHMT\Nhom6\dat\main.cpp(353,54): warning C4305: 'argument': truncation from 'double' to 'float'
C:\Users\Le Minh Hung\Desktop\ThirdYear\DHMT\Nhom6\dat\main.cpp(354,41): warning C4305: 'argument': truncation from 'double' to 'float'
C:\Users\Le Minh Hung\Desktop\ThirdYear\DHMT\Nhom6\dat\main.cpp(355,53): warning C4305: 'argument': truncation from 'double' to 'float'
C:\Users\Le Minh Hung\Desktop\ThirdYear\DHMT\Nhom6\dat\main.cpp(365,46): warning C4305: 'argument': truncation from 'double' to 'float'
C:\Users\Le Minh Hung\Desktop\ThirdYear\DHMT\Nhom6\dat\main.cpp(366,55): warning C4305: 'argument': truncation from 'double' to 'float'
C:\Users\Le Minh Hung\Desktop\ThirdYear\DHMT\Nhom6\dat\main.cpp(367,53): warning C4305: 'argument': truncation from 'double' to 'float'
C:\Users\Le Minh Hung\Desktop\ThirdYear\DHMT\Nhom6\dat\main.cpp(368,55): warning C4305: 'argument': truncation from 'double' to 'float'
C:\Users\Le Minh Hung\Desktop\ThirdYear\DHMT\Nhom6\dat\main.cpp(369,44): warning C4305: 'argument': truncation from 'double' to 'float'
C:\Users\Le Minh Hung\Desktop\ThirdYear\DHMT\Nhom6\dat\main.cpp(370,56): warning C4305: 'argument': truncation from 'double' to 'float'
C:\Users\Le Minh Hung\Desktop\ThirdYear\DHMT\Nhom6\dat\main.cpp(372,45): warning C4305: 'argument': truncation from 'double' to 'float'
C:\Users\Le Minh Hung\Desktop\ThirdYear\DHMT\Nhom6\dat\main.cpp(373,57): warning C4305: 'argument': truncation from 'double' to 'float'
C:\Users\Le Minh Hung\Desktop\ThirdYear\DHMT\Nhom6\dat\main.cpp(375,53): warning C4305: 'argument': truncation from 'double' to 'float'
C:\Users\Le Minh Hung\Desktop\ThirdYear\DHMT\Nhom6\dat\main.cpp(376,55): warning C4305: 'argument': truncation from 'double' to 'float'
C:\Users\Le Minh Hung\Desktop\ThirdYear\DHMT\Nhom6\dat\main.cpp(384,43): warning C4305: 'argument': truncation from 'double' to 'float'
C:\Users\Le Minh Hung\Desktop\ThirdYear\DHMT\Nhom6\dat\main.cpp(384,73): warning C4305: 'argument': truncation from 'double' to 'float'
C:\Users\Le Minh Hung\Desktop\ThirdYear\DHMT\Nhom6\dat\main.cpp(390,42): warning C4305: 'argument': truncation from 'double' to 'float'
C:\Users\Le Minh Hung\Desktop\ThirdYear\DHMT\Nhom6\dat\main.cpp(390,71): warning C4305: 'argument': truncation from 'double' to 'float'
C:\Users\Le Minh Hung\Desktop\ThirdYear\DHMT\Nhom6\dat\main.cpp(396,54): warning C4305: 'argument': truncation from 'double' to 'float'
C:\Users\Le Minh Hung\Desktop\ThirdYear\DHMT\Nhom6\dat\main.cpp(397,39): warning C4305: 'argument': truncation from 'double' to 'float'
C:\Users\Le Minh Hung\Desktop\ThirdYear\DHMT\Nhom6\dat\main.cpp(403,54): warning C4305: 'argument': truncation from 'double' to 'float'
C:\Users\Le Minh Hung\Desktop\ThirdYear\DHMT\Nhom6\dat\main.cpp(404,37): warning C4305: 'argument': truncation from 'double' to 'float'
C:\Users\Le Minh Hung\Desktop\ThirdYear\DHMT\Nhom6\dat\main.cpp(410,49): warning C4244: 'argument': conversion from 'double' to 'float', possible loss of data
C:\Users\Le Minh Hung\Desktop\ThirdYear\DHMT\Nhom6\dat\main.cpp(411,40): warning C4305: 'argument': truncation from 'double' to 'float'
C:\Users\Le Minh Hung\Desktop\ThirdYear\DHMT\Nhom6\dat\main.cpp(417,62): warning C4305: 'argument': truncation from 'double' to 'float'
C:\Users\Le Minh Hung\Desktop\ThirdYear\DHMT\Nhom6\dat\main.cpp(417,50): warning C4244: 'argument': conversion from 'double' to 'float', possible loss of data
C:\Users\Le Minh Hung\Desktop\ThirdYear\DHMT\Nhom6\dat\main.cpp(418,40): warning C4305: 'argument': truncation from 'double' to 'float'
C:\Users\Le Minh Hung\Desktop\ThirdYear\DHMT\Nhom6\dat\main.cpp(430,26): warning C4305: 'argument': truncation from 'double' to 'GLfloat'
C:\Users\Le Minh Hung\Desktop\ThirdYear\DHMT\Nhom6\dat\main.cpp(431,26): warning C4305: 'argument': truncation from 'double' to 'GLfloat'
C:\Users\Le Minh Hung\Desktop\ThirdYear\DHMT\Nhom6\dat\main.cpp(439,56): warning C4305: 'argument': truncation from 'double' to 'float'
C:\Users\Le Minh Hung\Desktop\ThirdYear\DHMT\Nhom6\dat\main.cpp(448,52): warning C4305: 'argument': truncation from 'double' to 'float'
C:\Users\Le Minh Hung\Desktop\ThirdYear\DHMT\Nhom6\dat\main.cpp(463,40): warning C4305: 'argument': truncation from 'double' to 'float'
C:\Users\Le Minh Hung\Desktop\ThirdYear\DHMT\Nhom6\dat\main.cpp(469,41): warning C4305: 'argument': truncation from 'double' to 'float'
C:\Users\Le Minh Hung\Desktop\ThirdYear\DHMT\Nhom6\dat\main.cpp(469,72): warning C4305: 'argument': truncation from 'double' to 'float'
C:\Users\Le Minh Hung\Desktop\ThirdYear\DHMT\Nhom6\dat\main.cpp(475,38): warning C4305: 'argument': truncation from 'double' to 'float'
C:\Users\Le Minh Hung\Desktop\ThirdYear\DHMT\Nhom6\dat\main.cpp(475,69): warning C4305: 'argument': truncation from 'double' to 'float'
C:\Users\Le Minh Hung\Desktop\ThirdYear\DHMT\Nhom6\dat\main.cpp(481,55): warning C4305: 'argument': truncation from 'double' to 'float'
C:\Users\Le Minh Hung\Desktop\ThirdYear\DHMT\Nhom6\dat\main.cpp(482,41): warning C4305: 'argument': truncation from 'double' to 'float'
C:\Users\Le Minh Hung\Desktop\ThirdYear\DHMT\Nhom6\dat\main.cpp(488,57): warning C4305: 'argument': truncation from 'double' to 'float'
C:\Users\Le Minh Hung\Desktop\ThirdYear\DHMT\Nhom6\dat\main.cpp(489,40): warning C4305: 'argument': truncation from 'double' to 'float'
C:\Users\Le Minh Hung\Desktop\ThirdYear\DHMT\Nhom6\dat\main.cpp(496,22): warning C4244: 'argument': conversion from 'int' to 'float', possible loss of data
C:\Users\Le Minh Hung\Desktop\ThirdYear\DHMT\Nhom6\dat\main.cpp(496,68): warning C4305: 'argument': truncation from 'double' to 'float'
C:\Users\Le Minh Hung\Desktop\ThirdYear\DHMT\Nhom6\dat\main.cpp(504,8): warning C4244: 'argument': conversion from 'double' to 'float', possible loss of data
C:\Users\Le Minh Hung\Desktop\ThirdYear\DHMT\Nhom6\dat\main.cpp(503,36): warning C4244: 'argument': conversion from 'double' to 'float', possible loss of data
C:\Users\Le Minh Hung\Desktop\ThirdYear\DHMT\Nhom6\dat\main.cpp(505,33): warning C4244: 'argument': conversion from 'double' to 'float', possible loss of data
C:\Users\Le Minh Hung\Desktop\ThirdYear\DHMT\Nhom6\dat\main.cpp(505,73): warning C4305: 'argument': truncation from 'double' to 'float'
C:\Users\Le Minh Hung\Desktop\ThirdYear\DHMT\Nhom6\dat\main.cpp(517,60): warning C4305: 'argument': truncation from 'double' to 'float'
C:\Users\Le Minh Hung\Desktop\ThirdYear\DHMT\Nhom6\dat\main.cpp(540,43): warning C4305: 'argument': truncation from 'double' to 'float'
C:\Users\Le Minh Hung\Desktop\ThirdYear\DHMT\Nhom6\dat\main.cpp(541,52): warning C4305: 'argument': truncation from 'double' to 'float'
C:\Users\Le Minh Hung\Desktop\ThirdYear\DHMT\Nhom6\dat\main.cpp(544,42): warning C4305: 'argument': truncation from 'double' to 'float'
C:\Users\Le Minh Hung\Desktop\ThirdYear\DHMT\Nhom6\dat\main.cpp(545,52): warning C4305: 'argument': truncation from 'double' to 'float'
C:\Users\Le Minh Hung\Desktop\ThirdYear\DHMT\Nhom6\dat\main.cpp(548,45): warning C4305: 'argument': truncation from 'double' to 'float'
C:\Users\Le Minh Hung\Desktop\ThirdYear\DHMT\Nhom6\dat\main.cpp(549,54): warning C4305: 'argument': truncation from 'double' to 'float'
C:\Users\Le Minh Hung\Desktop\ThirdYear\DHMT\Nhom6\dat\main.cpp(552,54): warning C4305: 'argument': truncation from 'double' to 'float'
C:\Users\Le Minh Hung\Desktop\ThirdYear\DHMT\Nhom6\dat\main.cpp(555,53): warning C4305: 'argument': truncation from 'double' to 'float'
C:\Users\Le Minh Hung\Desktop\ThirdYear\DHMT\Nhom6\dat\main.cpp(558,53): warning C4305: 'argument': truncation from 'double' to 'float'
C:\Users\Le Minh Hung\Desktop\ThirdYear\DHMT\Nhom6\dat\main.cpp(569,44): warning C4305: 'argument': truncation from 'double' to 'float'
C:\Users\Le Minh Hung\Desktop\ThirdYear\DHMT\Nhom6\dat\main.cpp(570,53): warning C4305: 'argument': truncation from 'double' to 'float'
C:\Users\Le Minh Hung\Desktop\ThirdYear\DHMT\Nhom6\dat\main.cpp(572,39): warning C4305: 'argument': truncation from 'double' to 'float'
C:\Users\Le Minh Hung\Desktop\ThirdYear\DHMT\Nhom6\dat\main.cpp(573,54): warning C4305: 'argument': truncation from 'double' to 'float'
C:\Users\Le Minh Hung\Desktop\ThirdYear\DHMT\Nhom6\dat\main.cpp(583,45): warning C4305: 'argument': truncation from 'double' to 'float'
C:\Users\Le Minh Hung\Desktop\ThirdYear\DHMT\Nhom6\dat\main.cpp(584,55): warning C4305: 'argument': truncation from 'double' to 'float'
C:\Users\Le Minh Hung\Desktop\ThirdYear\DHMT\Nhom6\dat\main.cpp(585,45): warning C4305: 'argument': truncation from 'double' to 'float'
C:\Users\Le Minh Hung\Desktop\ThirdYear\DHMT\Nhom6\dat\main.cpp(586,56): warning C4305: 'argument': truncation from 'double' to 'float'
C:\Users\Le Minh Hung\Desktop\ThirdYear\DHMT\Nhom6\dat\main.cpp(586,107): warning C4305: 'argument': truncation from 'double' to 'float'
C:\Users\Le Minh Hung\Desktop\ThirdYear\DHMT\Nhom6\dat\main.cpp(597,43): warning C4305: 'argument': truncation from 'double' to 'float'
C:\Users\Le Minh Hung\Desktop\ThirdYear\DHMT\Nhom6\dat\main.cpp(598,50): warning C4305: 'argument': truncation from 'double' to 'float'
C:\Users\Le Minh Hung\Desktop\ThirdYear\DHMT\Nhom6\dat\main.cpp(599,50): warning C4305: 'argument': truncation from 'double' to 'float'
C:\Users\Le Minh Hung\Desktop\ThirdYear\DHMT\Nhom6\dat\main.cpp(600,39): warning C4305: 'argument': truncation from 'double' to 'float'
C:\Users\Le Minh Hung\Desktop\ThirdYear\DHMT\Nhom6\dat\main.cpp(601,50): warning C4305: 'argument': truncation from 'double' to 'float'
C:\Users\Le Minh Hung\Desktop\ThirdYear\DHMT\Nhom6\dat\main.cpp(602,51): warning C4305: 'argument': truncation from 'double' to 'float'
C:\Users\Le Minh Hung\Desktop\ThirdYear\DHMT\Nhom6\dat\main.cpp(603,50): warning C4305: 'argument': truncation from 'double' to 'float'
C:\Users\Le Minh Hung\Desktop\ThirdYear\DHMT\Nhom6\dat\main.cpp(604,44): warning C4305: 'argument': truncation from 'double' to 'float'
C:\Users\Le Minh Hung\Desktop\ThirdYear\DHMT\Nhom6\dat\main.cpp(605,51): warning C4305: 'argument': truncation from 'double' to 'float'
C:\Users\Le Minh Hung\Desktop\ThirdYear\DHMT\Nhom6\dat\main.cpp(614,39): warning C4305: 'argument': truncation from 'double' to 'float'
C:\Users\Le Minh Hung\Desktop\ThirdYear\DHMT\Nhom6\dat\main.cpp(615,51): warning C4305: 'argument': truncation from 'double' to 'float'
C:\Users\Le Minh Hung\Desktop\ThirdYear\DHMT\Nhom6\dat\main.cpp(624,39): warning C4305: 'argument': truncation from 'double' to 'float'
C:\Users\Le Minh Hung\Desktop\ThirdYear\DHMT\Nhom6\dat\main.cpp(625,51): warning C4305: 'argument': truncation from 'double' to 'float'
C:\Users\Le Minh Hung\Desktop\ThirdYear\DHMT\Nhom6\dat\main.cpp(633,61): warning C4305: 'argument': truncation from 'double' to 'float'
C:\Users\Le Minh Hung\Desktop\ThirdYear\DHMT\Nhom6\dat\main.cpp(633,123): warning C4305: 'argument': truncation from 'double' to 'float'
C:\Users\Le Minh Hung\Desktop\ThirdYear\DHMT\Nhom6\dat\main.cpp(635,64): warning C4305: 'argument': truncation from 'double' to 'float'
C:\Users\Le Minh Hung\Desktop\ThirdYear\DHMT\Nhom6\dat\main.cpp(635,126): warning C4305: 'argument': truncation from 'double' to 'float'
C:\Users\Le Minh Hung\Desktop\ThirdYear\DHMT\Nhom6\dat\main.cpp(648,44): warning C4305: 'argument': truncation from 'double' to 'float'
C:\Users\Le Minh Hung\Desktop\ThirdYear\DHMT\Nhom6\dat\main.cpp(648,73): warning C4305: 'argument': truncation from 'double' to 'float'
C:\Users\Le Minh Hung\Desktop\ThirdYear\DHMT\Nhom6\dat\main.cpp(658,64): warning C4305: 'argument': truncation from 'double' to 'float'
C:\Users\Le Minh Hung\Desktop\ThirdYear\DHMT\Nhom6\dat\main.cpp(658,94): warning C4305: 'argument': truncation from 'double' to 'float'
C:\Users\Le Minh Hung\Desktop\ThirdYear\DHMT\Nhom6\dat\main.cpp(666,62): warning C4305: 'argument': truncation from 'double' to 'float'
C:\Users\Le Minh Hung\Desktop\ThirdYear\DHMT\Nhom6\dat\main.cpp(667,53): warning C4305: 'argument': truncation from 'double' to 'float'
C:\Users\Le Minh Hung\Desktop\ThirdYear\DHMT\Nhom6\dat\main.cpp(673,62): warning C4305: 'argument': truncation from 'double' to 'float'
C:\Users\Le Minh Hung\Desktop\ThirdYear\DHMT\Nhom6\dat\main.cpp(674,56): warning C4305: 'argument': truncation from 'double' to 'float'
C:\Users\Le Minh Hung\Desktop\ThirdYear\DHMT\Nhom6\dat\main.cpp(678,62): warning C4305: 'argument': truncation from 'double' to 'float'
C:\Users\Le Minh Hung\Desktop\ThirdYear\DHMT\Nhom6\dat\main.cpp(678,125): warning C4305: 'argument': truncation from 'double' to 'float'
C:\Users\Le Minh Hung\Desktop\ThirdYear\DHMT\Nhom6\dat\main.cpp(680,63): warning C4305: 'argument': truncation from 'double' to 'float'
C:\Users\Le Minh Hung\Desktop\ThirdYear\DHMT\Nhom6\dat\main.cpp(680,125): warning C4305: 'argument': truncation from 'double' to 'float'
C:\Users\Le Minh Hung\Desktop\ThirdYear\DHMT\Nhom6\dat\main.cpp(689,69): warning C4305: 'argument': truncation from 'double' to 'float'
C:\Users\Le Minh Hung\Desktop\ThirdYear\DHMT\Nhom6\dat\main.cpp(689,117): warning C4305: 'argument': truncation from 'double' to 'float'
C:\Users\Le Minh Hung\Desktop\ThirdYear\DHMT\Nhom6\dat\main.cpp(693,75): warning C4305: 'argument': truncation from 'double' to 'float'
C:\Users\Le Minh Hung\Desktop\ThirdYear\DHMT\Nhom6\dat\main.cpp(693,107): warning C4305: 'argument': truncation from 'double' to 'float'
C:\Users\Le Minh Hung\Desktop\ThirdYear\DHMT\Nhom6\dat\main.cpp(696,74): warning C4305: 'argument': truncation from 'double' to 'float'
C:\Users\Le Minh Hung\Desktop\ThirdYear\DHMT\Nhom6\dat\main.cpp(696,124): warning C4305: 'argument': truncation from 'double' to 'float'
C:\Users\Le Minh Hung\Desktop\ThirdYear\DHMT\Nhom6\dat\main.cpp(698,73): warning C4305: 'argument': truncation from 'double' to 'float'
C:\Users\Le Minh Hung\Desktop\ThirdYear\DHMT\Nhom6\dat\main.cpp(698,121): warning C4305: 'argument': truncation from 'double' to 'float'
C:\Users\Le Minh Hung\Desktop\ThirdYear\DHMT\Nhom6\dat\main.cpp(702,63): warning C4305: 'argument': truncation from 'double' to 'float'
C:\Users\Le Minh Hung\Desktop\ThirdYear\DHMT\Nhom6\dat\main.cpp(702,95): warning C4305: 'argument': truncation from 'double' to 'float'
C:\Users\Le Minh Hung\Desktop\ThirdYear\DHMT\Nhom6\dat\main.cpp(706,72): warning C4305: 'argument': truncation from 'double' to 'float'
C:\Users\Le Minh Hung\Desktop\ThirdYear\DHMT\Nhom6\dat\main.cpp(706,104): warning C4305: 'argument': truncation from 'double' to 'float'
C:\Users\Le Minh Hung\Desktop\ThirdYear\DHMT\Nhom6\dat\main.cpp(712,60): warning C4305: 'argument': truncation from 'double' to 'float'
C:\Users\Le Minh Hung\Desktop\ThirdYear\DHMT\Nhom6\dat\main.cpp(712,74): warning C4244: 'argument': conversion from 'double' to 'float', possible loss of data
C:\Users\Le Minh Hung\Desktop\ThirdYear\DHMT\Nhom6\dat\main.cpp(824,166): warning C4305: 'argument': truncation from 'double' to 'float'
C:\Users\Le Minh Hung\Desktop\ThirdYear\DHMT\Nhom6\dat\main.cpp(878,14): warning C4244: '=': conversion from 'double' to 'GLfloat', possible loss of data
C:\Users\Le Minh Hung\Desktop\ThirdYear\DHMT\Nhom6\dat\main.cpp(883,14): warning C4244: '=': conversion from 'double' to 'GLfloat', possible loss of data
C:\Users\Le Minh Hung\Desktop\ThirdYear\DHMT\Nhom6\dat\main.cpp(946,21): warning C4305: '+=': truncation from 'double' to 'float'
C:\Users\Le Minh Hung\Desktop\ThirdYear\DHMT\Nhom6\dat\main.cpp(948,20): warning C4305: '=': truncation from 'double' to 'float'
C:\Users\Le Minh Hung\Desktop\ThirdYear\DHMT\Nhom6\dat\main.cpp(951,21): warning C4305: '-=': truncation from 'double' to 'float'
C:\Users\Le Minh Hung\Desktop\ThirdYear\DHMT\Nhom6\dat\main.cpp(953,22): warning C4305: '=': truncation from 'double' to 'float'
C:\Users\Le Minh Hung\Desktop\ThirdYear\DHMT\Nhom6\dat\main.cpp(957,21): warning C4305: '+=': truncation from 'double' to 'float'
C:\Users\Le Minh Hung\Desktop\ThirdYear\DHMT\Nhom6\dat\main.cpp(959,21): warning C4305: '=': truncation from 'double' to 'float'
C:\Users\Le Minh Hung\Desktop\ThirdYear\DHMT\Nhom6\dat\main.cpp(962,21): warning C4305: '-=': truncation from 'double' to 'float'
C:\Users\Le Minh Hung\Desktop\ThirdYear\DHMT\Nhom6\dat\main.cpp(964,22): warning C4305: '=': truncation from 'double' to 'float'
C:\Users\Le Minh Hung\Desktop\ThirdYear\DHMT\Nhom6\dat\main.cpp(968,21): warning C4305: '+=': truncation from 'double' to 'float'
C:\Users\Le Minh Hung\Desktop\ThirdYear\DHMT\Nhom6\dat\main.cpp(973,21): warning C4305: '-=': truncation from 'double' to 'float'
C:\Users\Le Minh Hung\Desktop\ThirdYear\DHMT\Nhom6\dat\main.cpp(979,18): warning C4305: '+=': truncation from 'double' to 'GLfloat'
C:\Users\Le Minh Hung\Desktop\ThirdYear\DHMT\Nhom6\dat\main.cpp(984,18): warning C4305: '-=': truncation from 'double' to 'GLfloat'
C:\Users\Le Minh Hung\Desktop\ThirdYear\DHMT\Nhom6\dat\main.cpp(1012,17): warning C4305: '+=': truncation from 'double' to 'GLfloat'
C:\Users\Le Minh Hung\Desktop\ThirdYear\DHMT\Nhom6\dat\main.cpp(1014,17): warning C4305: '=': truncation from 'double' to 'GLfloat'
C:\Users\Le Minh Hung\Desktop\ThirdYear\DHMT\Nhom6\dat\main.cpp(1018,17): warning C4305: '-=': truncation from 'double' to 'GLfloat'
C:\Users\Le Minh Hung\Desktop\ThirdYear\DHMT\Nhom6\dat\main.cpp(1020,17): warning C4305: '=': truncation from 'double' to 'GLfloat'
  dat.vcxproj -> C:\Users\Le Minh Hung\Desktop\ThirdYear\DHMT\Nhom6\x64\Debug\opengl_demo.exe
